2023-06-08 09:09:14,652 [Worker-5: Loading available Gradle versions] INFO  o.e.b.c.i.u.g.PublishedGradleVersions - Gradle version information cache is up-to-date. Trying to read.
2023-06-08 09:40:03,937 [Worker-6: Loading available Gradle versions] INFO  o.e.b.c.i.u.g.PublishedGradleVersions - Gradle version information cache is up-to-date. Trying to read.
2023-06-09 09:15:27,306 [Worker-6: Loading available Gradle versions] INFO  o.e.b.c.i.u.g.PublishedGradleVersions - Gradle version information cache is up-to-date. Trying to read.
2023-06-09 12:20:50,436 [Worker-5: Loading available Gradle versions] INFO  o.e.b.c.i.u.g.PublishedGradleVersions - Gradle version information cache is up-to-date. Trying to read.
2023-06-12 09:09:52,224 [Worker-1: Loading available Gradle versions] INFO  o.e.b.c.i.u.g.PublishedGradleVersions - Gradle version information cache is out-of-date. Trying to update.
2023-06-13 09:26:13,656 [Worker-1: Loading available Gradle versions] INFO  o.e.b.c.i.u.g.PublishedGradleVersions - Gradle version information cache is out-of-date. Trying to update.
2023-06-13 09:47:22,855 [Worker-2: Loading available Gradle versions] INFO  o.e.b.c.i.u.g.PublishedGradleVersions - Gradle version information cache is up-to-date. Trying to read.
2023-06-15 09:14:43,224 [Worker-4: Loading available Gradle versions] INFO  o.e.b.c.i.u.g.PublishedGradleVersions - Gradle version information cache is out-of-date. Trying to update.
2023-06-19 09:14:35,192 [Worker-4: Loading available Gradle versions] INFO  o.e.b.c.i.u.g.PublishedGradleVersions - Gradle version information cache is out-of-date. Trying to update.
2023-06-21 09:15:05,356 [Worker-5: Loading available Gradle versions] INFO  o.e.b.c.i.u.g.PublishedGradleVersions - Gradle version information cache is out-of-date. Trying to update.
2023-06-22 09:14:36,662 [Worker-8: Loading available Gradle versions] INFO  o.e.b.c.i.u.g.PublishedGradleVersions - Gradle version information cache is up-to-date. Trying to read.
2023-06-22 09:17:08,036 [Worker-4: Creating maven-archetype-webapp] INFO  o.e.m.c.i.p.ProjectConfigurationManager - Collecting project info '/pom.xml' /Users/saikumar/Desktop/ADVJAVA-9AM/AdvancedJava_9AM/codesnippets/servletmavendemo/pom.xml
2023-06-22 09:17:10,961 [Worker-4: Creating maven-archetype-webapp] INFO  o.e.m.c.i.l.LifecycleMappingFactory - Using org.maven.ide.eclipse.wtp.WarLifecycleMapping lifecycle mapping for MavenProject: com.servlet.demo:servletmavendemo:0.0.1-SNAPSHOT @ /Users/saikumar/Desktop/ADVJAVA-9AM/AdvancedJava_9AM/codesnippets/servletmavendemo/pom.xml.
2023-06-22 09:17:13,312 [Worker-4: Creating maven-archetype-webapp] INFO  o.e.m.j.i.AbstractJavaProjectConfigurator - Adding source folder /servletmavendemo/src/main/java
2023-06-22 09:17:13,313 [Worker-4: Creating maven-archetype-webapp] INFO  o.e.m.j.i.AbstractJavaProjectConfigurator - Adding resource folder /servletmavendemo/src/main/resources
2023-06-22 09:17:13,314 [Worker-4: Creating maven-archetype-webapp] INFO  o.e.m.j.i.AbstractJavaProjectConfigurator - Adding source folder /servletmavendemo/src/test/java
2023-06-22 09:17:16,292 [Worker-4: Creating maven-archetype-webapp] INFO  o.e.m.c.i.p.ProjectConfigurationManager - Imported and configured 1 project(s) in 8 sec
2023-06-22 09:17:18,054 [Worker-9: Building workspace] WARN  o.e.m.c.i.embedder.EclipseLogger - Using platform encoding (UTF-8 actually) to copy filtered resources, i.e. build is platform dependent!
2023-06-22 09:17:18,075 [Worker-9: Building workspace] INFO  o.e.m.c.i.embedder.EclipseLogger - Copying 0 resource
2023-06-22 09:17:18,082 [Worker-9: Building workspace] WARN  o.e.m.c.i.embedder.EclipseLogger - Using platform encoding (UTF-8 actually) to copy filtered resources, i.e. build is platform dependent!
2023-06-22 09:17:18,088 [Worker-9: Building workspace] INFO  o.e.m.c.i.embedder.EclipseLogger - skip non existing resourceDirectory /Users/saikumar/Desktop/ADVJAVA-9AM/AdvancedJava_9AM/codesnippets/servletmavendemo/src/test/resources
2023-06-22 09:20:20,140 [Worker-9: Building workspace] INFO  o.e.m.c.i.l.LifecycleMappingFactory - Using org.maven.ide.eclipse.wtp.WarLifecycleMapping lifecycle mapping for MavenProject: com.servlet.demo:servletmavendemo:0.0.1-SNAPSHOT @ /Users/saikumar/Desktop/ADVJAVA-9AM/AdvancedJava_9AM/codesnippets/servletmavendemo/pom.xml.
2023-06-22 09:20:21,615 [Worker-9: Building workspace] WARN  o.e.m.c.i.embedder.EclipseLogger - Using platform encoding (UTF-8 actually) to copy filtered resources, i.e. build is platform dependent!
2023-06-22 09:20:21,621 [Worker-9: Building workspace] INFO  o.e.m.c.i.embedder.EclipseLogger - Copying 0 resource
2023-06-22 09:20:21,627 [Worker-9: Building workspace] WARN  o.e.m.c.i.embedder.EclipseLogger - Using platform encoding (UTF-8 actually) to copy filtered resources, i.e. build is platform dependent!
2023-06-22 09:20:21,629 [Worker-9: Building workspace] INFO  o.e.m.c.i.embedder.EclipseLogger - skip non existing resourceDirectory /Users/saikumar/Desktop/ADVJAVA-9AM/AdvancedJava_9AM/codesnippets/servletmavendemo/src/test/resources
2023-06-22 09:20:21,630 [Worker-9: Building workspace] INFO  o.e.m.w.i.f.ResourceFilteringBuildParticipant - Changed resources require a complete clean of filtered resources of servletmavendemo
2023-06-22 09:20:21,632 [Worker-9: Building workspace] INFO  o.e.m.w.i.f.ResourceFilteringBuildParticipant - Executing resource filtering for servletmavendemo
2023-06-22 09:20:21,640 [Worker-9: Building workspace] WARN  o.e.m.c.i.embedder.EclipseLogger - Using platform encoding (UTF-8 actually) to copy filtered resources, i.e. build is platform dependent!
2023-06-22 09:20:22,854 [Worker-18: Building workspace] WARN  o.e.m.c.i.embedder.EclipseLogger - Using platform encoding (UTF-8 actually) to copy filtered resources, i.e. build is platform dependent!
2023-06-22 09:20:22,856 [Worker-18: Building workspace] INFO  o.e.m.c.i.embedder.EclipseLogger - Copying 0 resource
2023-06-22 09:20:22,858 [Worker-18: Building workspace] WARN  o.e.m.c.i.embedder.EclipseLogger - Using platform encoding (UTF-8 actually) to copy filtered resources, i.e. build is platform dependent!
2023-06-22 09:20:22,859 [Worker-18: Building workspace] INFO  o.e.m.c.i.embedder.EclipseLogger - skip non existing resourceDirectory /Users/saikumar/Desktop/ADVJAVA-9AM/AdvancedJava_9AM/codesnippets/servletmavendemo/src/test/resources
2023-06-22 09:21:07,488 [Worker-17: Building workspace] INFO  o.e.m.c.i.l.LifecycleMappingFactory - Using org.maven.ide.eclipse.wtp.WarLifecycleMapping lifecycle mapping for MavenProject: com.servlet.demo:servletmavendemo:0.0.1-SNAPSHOT @ /Users/saikumar/Desktop/ADVJAVA-9AM/AdvancedJava_9AM/codesnippets/servletmavendemo/pom.xml.
2023-06-22 09:21:08,537 [Worker-17: Building workspace] WARN  o.e.m.c.i.embedder.EclipseLogger - Using platform encoding (UTF-8 actually) to copy filtered resources, i.e. build is platform dependent!
2023-06-22 09:21:08,543 [Worker-17: Building workspace] INFO  o.e.m.c.i.embedder.EclipseLogger - Copying 0 resource
2023-06-22 09:21:08,547 [Worker-17: Building workspace] WARN  o.e.m.c.i.embedder.EclipseLogger - Using platform encoding (UTF-8 actually) to copy filtered resources, i.e. build is platform dependent!
2023-06-22 09:21:08,548 [Worker-17: Building workspace] INFO  o.e.m.c.i.embedder.EclipseLogger - skip non existing resourceDirectory /Users/saikumar/Desktop/ADVJAVA-9AM/AdvancedJava_9AM/codesnippets/servletmavendemo/src/test/resources
2023-06-22 09:21:08,549 [Worker-17: Building workspace] INFO  o.e.m.w.i.f.ResourceFilteringBuildParticipant - Changed resources require a complete clean of filtered resources of servletmavendemo
2023-06-22 09:21:08,549 [Worker-17: Building workspace] INFO  o.e.m.w.i.f.ResourceFilteringBuildParticipant - Executing resource filtering for servletmavendemo
2023-06-22 09:21:08,557 [Worker-17: Building workspace] WARN  o.e.m.c.i.embedder.EclipseLogger - Using platform encoding (UTF-8 actually) to copy filtered resources, i.e. build is platform dependent!
2023-06-22 09:21:09,665 [Worker-19: Building workspace] WARN  o.e.m.c.i.embedder.EclipseLogger - Using platform encoding (UTF-8 actually) to copy filtered resources, i.e. build is platform dependent!
2023-06-22 09:21:09,667 [Worker-19: Building workspace] INFO  o.e.m.c.i.embedder.EclipseLogger - Copying 0 resource
2023-06-22 09:21:09,670 [Worker-19: Building workspace] WARN  o.e.m.c.i.embedder.EclipseLogger - Using platform encoding (UTF-8 actually) to copy filtered resources, i.e. build is platform dependent!
2023-06-22 09:21:09,671 [Worker-19: Building workspace] INFO  o.e.m.c.i.embedder.EclipseLogger - skip non existing resourceDirectory /Users/saikumar/Desktop/ADVJAVA-9AM/AdvancedJava_9AM/codesnippets/servletmavendemo/src/test/resources
2023-06-22 09:22:04,674 [Worker-19: Building workspace] INFO  o.e.m.c.i.l.LifecycleMappingFactory - Using org.maven.ide.eclipse.wtp.WarLifecycleMapping lifecycle mapping for MavenProject: com.servlet.demo:servletmavendemo:0.0.1-SNAPSHOT @ /Users/saikumar/Desktop/ADVJAVA-9AM/AdvancedJava_9AM/codesnippets/servletmavendemo/pom.xml.
2023-06-22 09:22:05,759 [Worker-19: Building workspace] WARN  o.e.m.c.i.embedder.EclipseLogger - Using platform encoding (UTF-8 actually) to copy filtered resources, i.e. build is platform dependent!
2023-06-22 09:22:05,764 [Worker-19: Building workspace] INFO  o.e.m.c.i.embedder.EclipseLogger - Copying 0 resource
2023-06-22 09:22:05,768 [Worker-19: Building workspace] WARN  o.e.m.c.i.embedder.EclipseLogger - Using platform encoding (UTF-8 actually) to copy filtered resources, i.e. build is platform dependent!
2023-06-22 09:22:05,769 [Worker-19: Building workspace] INFO  o.e.m.c.i.embedder.EclipseLogger - skip non existing resourceDirectory /Users/saikumar/Desktop/ADVJAVA-9AM/AdvancedJava_9AM/codesnippets/servletmavendemo/src/test/resources
2023-06-22 09:22:05,774 [Worker-19: Building workspace] INFO  o.e.m.w.i.f.ResourceFilteringBuildParticipant - Changed resources require a complete clean of filtered resources of servletmavendemo
2023-06-22 09:22:05,776 [Worker-19: Building workspace] INFO  o.e.m.w.i.f.ResourceFilteringBuildParticipant - Executing resource filtering for servletmavendemo
2023-06-22 09:22:05,782 [Worker-19: Building workspace] WARN  o.e.m.c.i.embedder.EclipseLogger - Using platform encoding (UTF-8 actually) to copy filtered resources, i.e. build is platform dependent!
2023-06-22 09:22:06,941 [Worker-4: Building workspace] WARN  o.e.m.c.i.embedder.EclipseLogger - Using platform encoding (UTF-8 actually) to copy filtered resources, i.e. build is platform dependent!
2023-06-22 09:22:06,942 [Worker-4: Building workspace] INFO  o.e.m.c.i.embedder.EclipseLogger - Copying 0 resource
2023-06-22 09:22:06,976 [Worker-4: Building workspace] WARN  o.e.m.c.i.embedder.EclipseLogger - Using platform encoding (UTF-8 actually) to copy filtered resources, i.e. build is platform dependent!
2023-06-22 09:22:06,978 [Worker-4: Building workspace] INFO  o.e.m.c.i.embedder.EclipseLogger - skip non existing resourceDirectory /Users/saikumar/Desktop/ADVJAVA-9AM/AdvancedJava_9AM/codesnippets/servletmavendemo/src/test/resources
2023-06-22 09:22:14,321 [Worker-11: Building workspace] INFO  o.e.m.c.i.l.LifecycleMappingFactory - Using org.maven.ide.eclipse.wtp.WarLifecycleMapping lifecycle mapping for MavenProject: com.servlet.demo:servletmavendemo:0.0.1-SNAPSHOT @ /Users/saikumar/Desktop/ADVJAVA-9AM/AdvancedJava_9AM/codesnippets/servletmavendemo/pom.xml.
2023-06-22 09:22:15,771 [Worker-11: Building workspace] WARN  o.e.m.c.i.embedder.EclipseLogger - Using platform encoding (UTF-8 actually) to copy filtered resources, i.e. build is platform dependent!
2023-06-22 09:22:15,777 [Worker-11: Building workspace] INFO  o.e.m.c.i.embedder.EclipseLogger - Copying 0 resource
2023-06-22 09:22:15,780 [Worker-11: Building workspace] WARN  o.e.m.c.i.embedder.EclipseLogger - Using platform encoding (UTF-8 actually) to copy filtered resources, i.e. build is platform dependent!
2023-06-22 09:22:15,781 [Worker-11: Building workspace] INFO  o.e.m.c.i.embedder.EclipseLogger - skip non existing resourceDirectory /Users/saikumar/Desktop/ADVJAVA-9AM/AdvancedJava_9AM/codesnippets/servletmavendemo/src/test/resources
2023-06-22 09:22:15,782 [Worker-11: Building workspace] INFO  o.e.m.w.i.f.ResourceFilteringBuildParticipant - Changed resources require a complete clean of filtered resources of servletmavendemo
2023-06-22 09:22:15,782 [Worker-11: Building workspace] INFO  o.e.m.w.i.f.ResourceFilteringBuildParticipant - Executing resource filtering for servletmavendemo
2023-06-22 09:22:15,802 [Worker-11: Building workspace] WARN  o.e.m.c.i.embedder.EclipseLogger - Using platform encoding (UTF-8 actually) to copy filtered resources, i.e. build is platform dependent!
2023-06-22 09:22:16,876 [Worker-11: Building workspace] WARN  o.e.m.c.i.embedder.EclipseLogger - Using platform encoding (UTF-8 actually) to copy filtered resources, i.e. build is platform dependent!
2023-06-22 09:22:16,877 [Worker-11: Building workspace] INFO  o.e.m.c.i.embedder.EclipseLogger - Copying 0 resource
2023-06-22 09:22:16,880 [Worker-11: Building workspace] WARN  o.e.m.c.i.embedder.EclipseLogger - Using platform encoding (UTF-8 actually) to copy filtered resources, i.e. build is platform dependent!
2023-06-22 09:22:16,881 [Worker-11: Building workspace] INFO  o.e.m.c.i.embedder.EclipseLogger - skip non existing resourceDirectory /Users/saikumar/Desktop/ADVJAVA-9AM/AdvancedJava_9AM/codesnippets/servletmavendemo/src/test/resources
2023-06-22 09:24:03,740 [Worker-18: Creating maven-archetype-quickstart] INFO  o.e.m.c.i.p.ProjectConfigurationManager - Collecting project info '/pom.xml' /Users/saikumar/Desktop/ADVJAVA-9AM/AdvancedJava_9AM/codesnippets/HiberanateDemo/pom.xml
2023-06-22 09:24:03,958 [Worker-18: Creating maven-archetype-quickstart] INFO  o.e.m.c.i.l.LifecycleMappingFactory - Using org.eclipse.m2e.jdt.JarLifecycleMapping lifecycle mapping for MavenProject: hibernate-first-app:HiberanateDemo:0.0.1-SNAPSHOT @ /Users/saikumar/Desktop/ADVJAVA-9AM/AdvancedJava_9AM/codesnippets/HiberanateDemo/pom.xml.
2023-06-22 09:24:04,663 [Worker-18: Creating maven-archetype-quickstart] INFO  o.e.m.j.i.AbstractJavaProjectConfigurator - Adding source folder /HiberanateDemo/src/main/java
2023-06-22 09:24:04,670 [Worker-18: Creating maven-archetype-quickstart] INFO  o.e.m.j.i.AbstractJavaProjectConfigurator - Adding source folder /HiberanateDemo/src/test/java
2023-06-22 09:24:04,829 [Worker-18: Creating maven-archetype-quickstart] INFO  o.e.m.c.i.p.ProjectConfigurationManager - Imported and configured 1 project(s) in 1 sec
2023-06-22 09:24:05,609 [Worker-20: Building workspace] INFO  o.e.m.c.i.embedder.EclipseLogger - Using 'UTF-8' encoding to copy filtered resources.
2023-06-22 09:24:05,609 [Worker-20: Building workspace] INFO  o.e.m.c.i.embedder.EclipseLogger - skip non existing resourceDirectory /Users/saikumar/Desktop/ADVJAVA-9AM/AdvancedJava_9AM/codesnippets/HiberanateDemo/src/main/resources
2023-06-22 09:24:05,611 [Worker-20: Building workspace] INFO  o.e.m.c.i.embedder.EclipseLogger - Using 'UTF-8' encoding to copy filtered resources.
2023-06-22 09:24:05,611 [Worker-20: Building workspace] INFO  o.e.m.c.i.embedder.EclipseLogger - skip non existing resourceDirectory /Users/saikumar/Desktop/ADVJAVA-9AM/AdvancedJava_9AM/codesnippets/HiberanateDemo/src/test/resources
2023-06-22 09:35:55,814 [Worker-18: Building workspace] INFO  o.e.m.c.i.l.LifecycleMappingFactory - Using org.eclipse.m2e.jdt.JarLifecycleMapping lifecycle mapping for MavenProject: hibernate-first-app:HiberanateDemo:0.0.1-SNAPSHOT @ /Users/saikumar/Desktop/ADVJAVA-9AM/AdvancedJava_9AM/codesnippets/HiberanateDemo/pom.xml.
2023-06-22 09:35:56,780 [Worker-18: Building workspace] INFO  o.e.m.c.i.embedder.EclipseLogger - Using 'UTF-8' encoding to copy filtered resources.
2023-06-22 09:35:56,780 [Worker-18: Building workspace] INFO  o.e.m.c.i.embedder.EclipseLogger - skip non existing resourceDirectory /Users/saikumar/Desktop/ADVJAVA-9AM/AdvancedJava_9AM/codesnippets/HiberanateDemo/src/main/resources
2023-06-22 09:35:56,815 [Worker-18: Building workspace] INFO  o.e.m.c.i.embedder.EclipseLogger - Using 'UTF-8' encoding to copy filtered resources.
2023-06-22 09:35:56,815 [Worker-18: Building workspace] INFO  o.e.m.c.i.embedder.EclipseLogger - skip non existing resourceDirectory /Users/saikumar/Desktop/ADVJAVA-9AM/AdvancedJava_9AM/codesnippets/HiberanateDemo/src/test/resources
2023-06-22 09:35:58,949 [Worker-22: Building workspace] INFO  o.e.m.c.i.embedder.EclipseLogger - Using 'UTF-8' encoding to copy filtered resources.
2023-06-22 09:35:58,950 [Worker-22: Building workspace] INFO  o.e.m.c.i.embedder.EclipseLogger - skip non existing resourceDirectory /Users/saikumar/Desktop/ADVJAVA-9AM/AdvancedJava_9AM/codesnippets/HiberanateDemo/src/main/resources
2023-06-22 09:35:58,952 [Worker-22: Building workspace] INFO  o.e.m.c.i.embedder.EclipseLogger - Using 'UTF-8' encoding to copy filtered resources.
2023-06-22 09:35:58,952 [Worker-22: Building workspace] INFO  o.e.m.c.i.embedder.EclipseLogger - skip non existing resourceDirectory /Users/saikumar/Desktop/ADVJAVA-9AM/AdvancedJava_9AM/codesnippets/HiberanateDemo/src/test/resources
2023-06-22 09:41:35,892 [Worker-24: Building workspace] INFO  o.e.m.c.i.embedder.EclipseLogger - Using 'UTF-8' encoding to copy filtered resources.
2023-06-22 09:41:35,894 [Worker-24: Building workspace] INFO  o.e.m.c.i.embedder.EclipseLogger - skip non existing resourceDirectory /Users/saikumar/Desktop/ADVJAVA-9AM/AdvancedJava_9AM/codesnippets/HiberanateDemo/src/main/resources
2023-06-22 09:41:35,896 [Worker-24: Building workspace] INFO  o.e.m.c.i.embedder.EclipseLogger - Using 'UTF-8' encoding to copy filtered resources.
2023-06-22 09:41:35,897 [Worker-24: Building workspace] INFO  o.e.m.c.i.embedder.EclipseLogger - skip non existing resourceDirectory /Users/saikumar/Desktop/ADVJAVA-9AM/AdvancedJava_9AM/codesnippets/HiberanateDemo/src/test/resources
2023-06-22 09:42:06,059 [Worker-18: Building workspace] INFO  o.e.m.c.i.embedder.EclipseLogger - Using 'UTF-8' encoding to copy filtered resources.
2023-06-22 09:42:06,060 [Worker-18: Building workspace] INFO  o.e.m.c.i.embedder.EclipseLogger - skip non existing resourceDirectory /Users/saikumar/Desktop/ADVJAVA-9AM/AdvancedJava_9AM/codesnippets/HiberanateDemo/src/main/resources
2023-06-22 09:42:06,063 [Worker-18: Building workspace] INFO  o.e.m.c.i.embedder.EclipseLogger - Using 'UTF-8' encoding to copy filtered resources.
2023-06-22 09:42:06,070 [Worker-18: Building workspace] INFO  o.e.m.c.i.embedder.EclipseLogger - skip non existing resourceDirectory /Users/saikumar/Desktop/ADVJAVA-9AM/AdvancedJava_9AM/codesnippets/HiberanateDemo/src/test/resources
2023-06-22 09:42:10,787 [Worker-27: Building workspace] INFO  o.e.m.c.i.embedder.EclipseLogger - Using 'UTF-8' encoding to copy filtered resources.
2023-06-22 09:42:10,789 [Worker-27: Building workspace] INFO  o.e.m.c.i.embedder.EclipseLogger - skip non existing resourceDirectory /Users/saikumar/Desktop/ADVJAVA-9AM/AdvancedJava_9AM/codesnippets/HiberanateDemo/src/main/resources
2023-06-22 09:42:10,793 [Worker-27: Building workspace] INFO  o.e.m.c.i.embedder.EclipseLogger - Using 'UTF-8' encoding to copy filtered resources.
2023-06-22 09:42:10,794 [Worker-27: Building workspace] INFO  o.e.m.c.i.embedder.EclipseLogger - skip non existing resourceDirectory /Users/saikumar/Desktop/ADVJAVA-9AM/AdvancedJava_9AM/codesnippets/HiberanateDemo/src/test/resources
2023-06-22 09:42:25,110 [Worker-18: Building workspace] INFO  o.e.m.c.i.embedder.EclipseLogger - Using 'UTF-8' encoding to copy filtered resources.
2023-06-22 09:42:25,137 [Worker-18: Building workspace] INFO  o.e.m.c.i.embedder.EclipseLogger - skip non existing resourceDirectory /Users/saikumar/Desktop/ADVJAVA-9AM/AdvancedJava_9AM/codesnippets/HiberanateDemo/src/main/resources
2023-06-22 09:42:25,140 [Worker-18: Building workspace] INFO  o.e.m.c.i.embedder.EclipseLogger - Using 'UTF-8' encoding to copy filtered resources.
2023-06-22 09:42:25,140 [Worker-18: Building workspace] INFO  o.e.m.c.i.embedder.EclipseLogger - skip non existing resourceDirectory /Users/saikumar/Desktop/ADVJAVA-9AM/AdvancedJava_9AM/codesnippets/HiberanateDemo/src/test/resources
2023-06-22 09:42:45,799 [Worker-24: Building workspace] INFO  o.e.m.c.i.embedder.EclipseLogger - Using 'UTF-8' encoding to copy filtered resources.
2023-06-22 09:42:45,800 [Worker-24: Building workspace] INFO  o.e.m.c.i.embedder.EclipseLogger - skip non existing resourceDirectory /Users/saikumar/Desktop/ADVJAVA-9AM/AdvancedJava_9AM/codesnippets/HiberanateDemo/src/main/resources
2023-06-22 09:42:45,802 [Worker-24: Building workspace] INFO  o.e.m.c.i.embedder.EclipseLogger - Using 'UTF-8' encoding to copy filtered resources.
2023-06-22 09:42:45,802 [Worker-24: Building workspace] INFO  o.e.m.c.i.embedder.EclipseLogger - skip non existing resourceDirectory /Users/saikumar/Desktop/ADVJAVA-9AM/AdvancedJava_9AM/codesnippets/HiberanateDemo/src/test/resources
2023-06-22 09:43:02,790 [Worker-24: Building workspace] INFO  o.e.m.c.i.embedder.EclipseLogger - Using 'UTF-8' encoding to copy filtered resources.
2023-06-22 09:43:02,791 [Worker-24: Building workspace] INFO  o.e.m.c.i.embedder.EclipseLogger - skip non existing resourceDirectory /Users/saikumar/Desktop/ADVJAVA-9AM/AdvancedJava_9AM/codesnippets/HiberanateDemo/src/main/resources
2023-06-22 09:43:02,794 [Worker-24: Building workspace] INFO  o.e.m.c.i.embedder.EclipseLogger - Using 'UTF-8' encoding to copy filtered resources.
2023-06-22 09:43:02,794 [Worker-24: Building workspace] INFO  o.e.m.c.i.embedder.EclipseLogger - skip non existing resourceDirectory /Users/saikumar/Desktop/ADVJAVA-9AM/AdvancedJava_9AM/codesnippets/HiberanateDemo/src/test/resources
2023-06-22 09:43:34,428 [Worker-24: Building workspace] INFO  o.e.m.c.i.embedder.EclipseLogger - Using 'UTF-8' encoding to copy filtered resources.
2023-06-22 09:43:34,428 [Worker-24: Building workspace] INFO  o.e.m.c.i.embedder.EclipseLogger - skip non existing resourceDirectory /Users/saikumar/Desktop/ADVJAVA-9AM/AdvancedJava_9AM/codesnippets/HiberanateDemo/src/main/resources
2023-06-22 09:43:34,429 [Worker-24: Building workspace] INFO  o.e.m.c.i.embedder.EclipseLogger - Using 'UTF-8' encoding to copy filtered resources.
2023-06-22 09:43:34,430 [Worker-24: Building workspace] INFO  o.e.m.c.i.embedder.EclipseLogger - skip non existing resourceDirectory /Users/saikumar/Desktop/ADVJAVA-9AM/AdvancedJava_9AM/codesnippets/HiberanateDemo/src/test/resources
2023-06-22 09:43:40,310 [Worker-26: Building workspace] INFO  o.e.m.c.i.embedder.EclipseLogger - Using 'UTF-8' encoding to copy filtered resources.
2023-06-22 09:43:40,311 [Worker-26: Building workspace] INFO  o.e.m.c.i.embedder.EclipseLogger - skip non existing resourceDirectory /Users/saikumar/Desktop/ADVJAVA-9AM/AdvancedJava_9AM/codesnippets/HiberanateDemo/src/main/resources
2023-06-22 09:43:40,312 [Worker-26: Building workspace] INFO  o.e.m.c.i.embedder.EclipseLogger - Using 'UTF-8' encoding to copy filtered resources.
2023-06-22 09:43:40,313 [Worker-26: Building workspace] INFO  o.e.m.c.i.embedder.EclipseLogger - skip non existing resourceDirectory /Users/saikumar/Desktop/ADVJAVA-9AM/AdvancedJava_9AM/codesnippets/HiberanateDemo/src/test/resources
2023-06-22 09:46:13,142 [Worker-18: Building workspace] INFO  o.e.m.c.i.embedder.EclipseLogger - Using 'UTF-8' encoding to copy filtered resources.
2023-06-22 09:46:13,144 [Worker-18: Building workspace] INFO  o.e.m.c.i.embedder.EclipseLogger - skip non existing resourceDirectory /Users/saikumar/Desktop/ADVJAVA-9AM/AdvancedJava_9AM/codesnippets/HiberanateDemo/src/main/resources
2023-06-22 09:46:13,147 [Worker-18: Building workspace] INFO  o.e.m.c.i.embedder.EclipseLogger - Using 'UTF-8' encoding to copy filtered resources.
2023-06-22 09:46:13,147 [Worker-18: Building workspace] INFO  o.e.m.c.i.embedder.EclipseLogger - skip non existing resourceDirectory /Users/saikumar/Desktop/ADVJAVA-9AM/AdvancedJava_9AM/codesnippets/HiberanateDemo/src/test/resources
2023-06-22 09:46:14,197 [Worker-18: Building workspace] INFO  o.e.m.c.i.embedder.EclipseLogger - Using 'UTF-8' encoding to copy filtered resources.
2023-06-22 09:46:14,198 [Worker-18: Building workspace] INFO  o.e.m.c.i.embedder.EclipseLogger - skip non existing resourceDirectory /Users/saikumar/Desktop/ADVJAVA-9AM/AdvancedJava_9AM/codesnippets/HiberanateDemo/src/main/resources
2023-06-22 09:46:14,199 [Worker-18: Building workspace] INFO  o.e.m.c.i.embedder.EclipseLogger - Using 'UTF-8' encoding to copy filtered resources.
2023-06-22 09:46:14,200 [Worker-18: Building workspace] INFO  o.e.m.c.i.embedder.EclipseLogger - skip non existing resourceDirectory /Users/saikumar/Desktop/ADVJAVA-9AM/AdvancedJava_9AM/codesnippets/HiberanateDemo/src/test/resources
2023-06-22 09:46:40,736 [Worker-18: Building workspace] INFO  o.e.m.c.i.embedder.EclipseLogger - Using 'UTF-8' encoding to copy filtered resources.
2023-06-22 09:46:40,737 [Worker-18: Building workspace] INFO  o.e.m.c.i.embedder.EclipseLogger - skip non existing resourceDirectory /Users/saikumar/Desktop/ADVJAVA-9AM/AdvancedJava_9AM/codesnippets/HiberanateDemo/src/main/resources
2023-06-22 09:46:40,739 [Worker-18: Building workspace] INFO  o.e.m.c.i.embedder.EclipseLogger - Using 'UTF-8' encoding to copy filtered resources.
2023-06-22 09:46:40,740 [Worker-18: Building workspace] INFO  o.e.m.c.i.embedder.EclipseLogger - skip non existing resourceDirectory /Users/saikumar/Desktop/ADVJAVA-9AM/AdvancedJava_9AM/codesnippets/HiberanateDemo/src/test/resources
2023-06-22 09:46:53,559 [Worker-26: Building workspace] INFO  o.e.m.c.i.embedder.EclipseLogger - Using 'UTF-8' encoding to copy filtered resources.
2023-06-22 09:46:53,560 [Worker-26: Building workspace] INFO  o.e.m.c.i.embedder.EclipseLogger - skip non existing resourceDirectory /Users/saikumar/Desktop/ADVJAVA-9AM/AdvancedJava_9AM/codesnippets/HiberanateDemo/src/main/resources
2023-06-22 09:46:53,562 [Worker-26: Building workspace] INFO  o.e.m.c.i.embedder.EclipseLogger - Using 'UTF-8' encoding to copy filtered resources.
2023-06-22 09:46:53,562 [Worker-26: Building workspace] INFO  o.e.m.c.i.embedder.EclipseLogger - skip non existing resourceDirectory /Users/saikumar/Desktop/ADVJAVA-9AM/AdvancedJava_9AM/codesnippets/HiberanateDemo/src/test/resources
2023-06-22 09:46:59,409 [Worker-30: Building workspace] INFO  o.e.m.c.i.embedder.EclipseLogger - Using 'UTF-8' encoding to copy filtered resources.
2023-06-22 09:46:59,409 [Worker-30: Building workspace] INFO  o.e.m.c.i.embedder.EclipseLogger - skip non existing resourceDirectory /Users/saikumar/Desktop/ADVJAVA-9AM/AdvancedJava_9AM/codesnippets/HiberanateDemo/src/main/resources
2023-06-22 09:46:59,412 [Worker-30: Building workspace] INFO  o.e.m.c.i.embedder.EclipseLogger - Using 'UTF-8' encoding to copy filtered resources.
2023-06-22 09:46:59,412 [Worker-30: Building workspace] INFO  o.e.m.c.i.embedder.EclipseLogger - skip non existing resourceDirectory /Users/saikumar/Desktop/ADVJAVA-9AM/AdvancedJava_9AM/codesnippets/HiberanateDemo/src/test/resources
2023-06-22 09:47:31,707 [Worker-18: Building workspace] INFO  o.e.m.c.i.embedder.EclipseLogger - Using 'UTF-8' encoding to copy filtered resources.
2023-06-22 09:47:31,709 [Worker-18: Building workspace] INFO  o.e.m.c.i.embedder.EclipseLogger - skip non existing resourceDirectory /Users/saikumar/Desktop/ADVJAVA-9AM/AdvancedJava_9AM/codesnippets/HiberanateDemo/src/main/resources
2023-06-22 09:47:31,714 [Worker-18: Building workspace] INFO  o.e.m.c.i.embedder.EclipseLogger - Using 'UTF-8' encoding to copy filtered resources.
2023-06-22 09:47:31,715 [Worker-18: Building workspace] INFO  o.e.m.c.i.embedder.EclipseLogger - skip non existing resourceDirectory /Users/saikumar/Desktop/ADVJAVA-9AM/AdvancedJava_9AM/codesnippets/HiberanateDemo/src/test/resources
2023-06-22 09:47:49,738 [Worker-30: Building workspace] INFO  o.e.m.c.i.embedder.EclipseLogger - Using 'UTF-8' encoding to copy filtered resources.
2023-06-22 09:47:49,739 [Worker-30: Building workspace] INFO  o.e.m.c.i.embedder.EclipseLogger - skip non existing resourceDirectory /Users/saikumar/Desktop/ADVJAVA-9AM/AdvancedJava_9AM/codesnippets/HiberanateDemo/src/main/resources
2023-06-22 09:47:49,741 [Worker-30: Building workspace] INFO  o.e.m.c.i.embedder.EclipseLogger - Using 'UTF-8' encoding to copy filtered resources.
2023-06-22 09:47:49,741 [Worker-30: Building workspace] INFO  o.e.m.c.i.embedder.EclipseLogger - skip non existing resourceDirectory /Users/saikumar/Desktop/ADVJAVA-9AM/AdvancedJava_9AM/codesnippets/HiberanateDemo/src/test/resources
2023-06-22 09:48:14,556 [Worker-18: Building workspace] INFO  o.e.m.c.i.embedder.EclipseLogger - Using 'UTF-8' encoding to copy filtered resources.
2023-06-22 09:48:14,557 [Worker-18: Building workspace] INFO  o.e.m.c.i.embedder.EclipseLogger - skip non existing resourceDirectory /Users/saikumar/Desktop/ADVJAVA-9AM/AdvancedJava_9AM/codesnippets/HiberanateDemo/src/main/resources
2023-06-22 09:48:14,559 [Worker-18: Building workspace] INFO  o.e.m.c.i.embedder.EclipseLogger - Using 'UTF-8' encoding to copy filtered resources.
2023-06-22 09:48:14,559 [Worker-18: Building workspace] INFO  o.e.m.c.i.embedder.EclipseLogger - skip non existing resourceDirectory /Users/saikumar/Desktop/ADVJAVA-9AM/AdvancedJava_9AM/codesnippets/HiberanateDemo/src/test/resources
2023-06-22 09:49:40,181 [Worker-31: Building workspace] INFO  o.e.m.c.i.embedder.EclipseLogger - Using 'UTF-8' encoding to copy filtered resources.
2023-06-22 09:49:40,190 [Worker-31: Building workspace] INFO  o.e.m.c.i.embedder.EclipseLogger - skip non existing resourceDirectory /Users/saikumar/Desktop/ADVJAVA-9AM/AdvancedJava_9AM/codesnippets/HiberanateDemo/src/main/resources
2023-06-22 09:49:40,192 [Worker-31: Building workspace] INFO  o.e.m.c.i.embedder.EclipseLogger - Using 'UTF-8' encoding to copy filtered resources.
2023-06-22 09:49:40,194 [Worker-31: Building workspace] INFO  o.e.m.c.i.embedder.EclipseLogger - skip non existing resourceDirectory /Users/saikumar/Desktop/ADVJAVA-9AM/AdvancedJava_9AM/codesnippets/HiberanateDemo/src/test/resources
2023-06-22 09:49:47,322 [Worker-24: Building workspace] INFO  o.e.m.c.i.embedder.EclipseLogger - Using 'UTF-8' encoding to copy filtered resources.
2023-06-22 09:49:47,322 [Worker-24: Building workspace] INFO  o.e.m.c.i.embedder.EclipseLogger - skip non existing resourceDirectory /Users/saikumar/Desktop/ADVJAVA-9AM/AdvancedJava_9AM/codesnippets/HiberanateDemo/src/main/resources
2023-06-22 09:49:47,327 [Worker-24: Building workspace] INFO  o.e.m.c.i.embedder.EclipseLogger - Using 'UTF-8' encoding to copy filtered resources.
2023-06-22 09:49:47,327 [Worker-24: Building workspace] INFO  o.e.m.c.i.embedder.EclipseLogger - skip non existing resourceDirectory /Users/saikumar/Desktop/ADVJAVA-9AM/AdvancedJava_9AM/codesnippets/HiberanateDemo/src/test/resources
2023-06-22 09:51:25,841 [Worker-18: Building workspace] INFO  o.e.m.c.i.embedder.EclipseLogger - Using 'UTF-8' encoding to copy filtered resources.
2023-06-22 09:51:25,842 [Worker-18: Building workspace] INFO  o.e.m.c.i.embedder.EclipseLogger - skip non existing resourceDirectory /Users/saikumar/Desktop/ADVJAVA-9AM/AdvancedJava_9AM/codesnippets/HiberanateDemo/src/main/resources
2023-06-22 09:51:25,845 [Worker-18: Building workspace] INFO  o.e.m.c.i.embedder.EclipseLogger - Using 'UTF-8' encoding to copy filtered resources.
2023-06-22 09:51:25,845 [Worker-18: Building workspace] INFO  o.e.m.c.i.embedder.EclipseLogger - skip non existing resourceDirectory /Users/saikumar/Desktop/ADVJAVA-9AM/AdvancedJava_9AM/codesnippets/HiberanateDemo/src/test/resources
2023-06-22 09:51:38,811 [Worker-31: Building workspace] INFO  o.e.m.c.i.embedder.EclipseLogger - Using 'UTF-8' encoding to copy filtered resources.
2023-06-22 09:51:38,811 [Worker-31: Building workspace] INFO  o.e.m.c.i.embedder.EclipseLogger - skip non existing resourceDirectory /Users/saikumar/Desktop/ADVJAVA-9AM/AdvancedJava_9AM/codesnippets/HiberanateDemo/src/main/resources
2023-06-22 09:51:38,813 [Worker-31: Building workspace] INFO  o.e.m.c.i.embedder.EclipseLogger - Using 'UTF-8' encoding to copy filtered resources.
2023-06-22 09:51:38,813 [Worker-31: Building workspace] INFO  o.e.m.c.i.embedder.EclipseLogger - skip non existing resourceDirectory /Users/saikumar/Desktop/ADVJAVA-9AM/AdvancedJava_9AM/codesnippets/HiberanateDemo/src/test/resources
2023-06-22 09:51:56,539 [Worker-24: Building workspace] INFO  o.e.m.c.i.embedder.EclipseLogger - Using 'UTF-8' encoding to copy filtered resources.
2023-06-22 09:51:56,539 [Worker-24: Building workspace] INFO  o.e.m.c.i.embedder.EclipseLogger - skip non existing resourceDirectory /Users/saikumar/Desktop/ADVJAVA-9AM/AdvancedJava_9AM/codesnippets/HiberanateDemo/src/main/resources
2023-06-22 09:51:56,541 [Worker-24: Building workspace] INFO  o.e.m.c.i.embedder.EclipseLogger - Using 'UTF-8' encoding to copy filtered resources.
2023-06-22 09:51:56,541 [Worker-24: Building workspace] INFO  o.e.m.c.i.embedder.EclipseLogger - skip non existing resourceDirectory /Users/saikumar/Desktop/ADVJAVA-9AM/AdvancedJava_9AM/codesnippets/HiberanateDemo/src/test/resources
2023-06-22 09:52:04,060 [Worker-30: Building workspace] INFO  o.e.m.c.i.embedder.EclipseLogger - Using 'UTF-8' encoding to copy filtered resources.
2023-06-22 09:52:04,060 [Worker-30: Building workspace] INFO  o.e.m.c.i.embedder.EclipseLogger - skip non existing resourceDirectory /Users/saikumar/Desktop/ADVJAVA-9AM/AdvancedJava_9AM/codesnippets/HiberanateDemo/src/main/resources
2023-06-22 09:52:04,062 [Worker-30: Building workspace] INFO  o.e.m.c.i.embedder.EclipseLogger - Using 'UTF-8' encoding to copy filtered resources.
2023-06-22 09:52:04,062 [Worker-30: Building workspace] INFO  o.e.m.c.i.embedder.EclipseLogger - skip non existing resourceDirectory /Users/saikumar/Desktop/ADVJAVA-9AM/AdvancedJava_9AM/codesnippets/HiberanateDemo/src/test/resources
2023-06-22 09:52:34,797 [Worker-32: Building workspace] INFO  o.e.m.c.i.embedder.EclipseLogger - Using 'UTF-8' encoding to copy filtered resources.
2023-06-22 09:52:34,797 [Worker-32: Building workspace] INFO  o.e.m.c.i.embedder.EclipseLogger - skip non existing resourceDirectory /Users/saikumar/Desktop/ADVJAVA-9AM/AdvancedJava_9AM/codesnippets/HiberanateDemo/src/main/resources
2023-06-22 09:52:34,800 [Worker-32: Building workspace] INFO  o.e.m.c.i.embedder.EclipseLogger - Using 'UTF-8' encoding to copy filtered resources.
2023-06-22 09:52:34,800 [Worker-32: Building workspace] INFO  o.e.m.c.i.embedder.EclipseLogger - skip non existing resourceDirectory /Users/saikumar/Desktop/ADVJAVA-9AM/AdvancedJava_9AM/codesnippets/HiberanateDemo/src/test/resources
2023-06-22 09:54:08,831 [Worker-32: Building workspace] INFO  o.e.m.c.i.embedder.EclipseLogger - Using 'UTF-8' encoding to copy filtered resources.
2023-06-22 09:54:08,846 [Worker-32: Building workspace] INFO  o.e.m.c.i.embedder.EclipseLogger - skip non existing resourceDirectory /Users/saikumar/Desktop/ADVJAVA-9AM/AdvancedJava_9AM/codesnippets/HiberanateDemo/src/main/resources
2023-06-22 09:54:08,849 [Worker-32: Building workspace] INFO  o.e.m.c.i.embedder.EclipseLogger - Using 'UTF-8' encoding to copy filtered resources.
2023-06-22 09:54:08,849 [Worker-32: Building workspace] INFO  o.e.m.c.i.embedder.EclipseLogger - skip non existing resourceDirectory /Users/saikumar/Desktop/ADVJAVA-9AM/AdvancedJava_9AM/codesnippets/HiberanateDemo/src/test/resources
2023-06-22 09:56:39,621 [Worker-34: Building workspace] INFO  o.e.m.c.i.embedder.EclipseLogger - Using 'UTF-8' encoding to copy filtered resources.
2023-06-22 09:56:39,623 [Worker-34: Building workspace] INFO  o.e.m.c.i.embedder.EclipseLogger - skip non existing resourceDirectory /Users/saikumar/Desktop/ADVJAVA-9AM/AdvancedJava_9AM/codesnippets/HiberanateDemo/src/main/resources
2023-06-22 09:56:39,626 [Worker-34: Building workspace] INFO  o.e.m.c.i.embedder.EclipseLogger - Using 'UTF-8' encoding to copy filtered resources.
2023-06-22 09:56:39,626 [Worker-34: Building workspace] INFO  o.e.m.c.i.embedder.EclipseLogger - skip non existing resourceDirectory /Users/saikumar/Desktop/ADVJAVA-9AM/AdvancedJava_9AM/codesnippets/HiberanateDemo/src/test/resources
2023-06-22 09:57:54,238 [Worker-35: Building workspace] INFO  o.e.m.c.i.embedder.EclipseLogger - Using 'UTF-8' encoding to copy filtered resources.
2023-06-22 09:57:54,239 [Worker-35: Building workspace] INFO  o.e.m.c.i.embedder.EclipseLogger - skip non existing resourceDirectory /Users/saikumar/Desktop/ADVJAVA-9AM/AdvancedJava_9AM/codesnippets/HiberanateDemo/src/main/resources
2023-06-22 09:57:54,243 [Worker-35: Building workspace] INFO  o.e.m.c.i.embedder.EclipseLogger - Using 'UTF-8' encoding to copy filtered resources.
2023-06-22 09:57:54,244 [Worker-35: Building workspace] INFO  o.e.m.c.i.embedder.EclipseLogger - skip non existing resourceDirectory /Users/saikumar/Desktop/ADVJAVA-9AM/AdvancedJava_9AM/codesnippets/HiberanateDemo/src/test/resources
2023-06-22 09:58:12,234 [Worker-36: Building workspace] INFO  o.e.m.c.i.embedder.EclipseLogger - Using 'UTF-8' encoding to copy filtered resources.
2023-06-22 09:58:12,234 [Worker-36: Building workspace] INFO  o.e.m.c.i.embedder.EclipseLogger - skip non existing resourceDirectory /Users/saikumar/Desktop/ADVJAVA-9AM/AdvancedJava_9AM/codesnippets/HiberanateDemo/src/main/resources
2023-06-22 09:58:12,239 [Worker-36: Building workspace] INFO  o.e.m.c.i.embedder.EclipseLogger - Using 'UTF-8' encoding to copy filtered resources.
2023-06-22 09:58:12,239 [Worker-36: Building workspace] INFO  o.e.m.c.i.embedder.EclipseLogger - skip non existing resourceDirectory /Users/saikumar/Desktop/ADVJAVA-9AM/AdvancedJava_9AM/codesnippets/HiberanateDemo/src/test/resources
2023-06-22 09:58:21,318 [Worker-35: Building workspace] INFO  o.e.m.c.i.embedder.EclipseLogger - Using 'UTF-8' encoding to copy filtered resources.
2023-06-22 09:58:21,319 [Worker-35: Building workspace] INFO  o.e.m.c.i.embedder.EclipseLogger - skip non existing resourceDirectory /Users/saikumar/Desktop/ADVJAVA-9AM/AdvancedJava_9AM/codesnippets/HiberanateDemo/src/main/resources
2023-06-22 09:58:21,320 [Worker-35: Building workspace] INFO  o.e.m.c.i.embedder.EclipseLogger - Using 'UTF-8' encoding to copy filtered resources.
2023-06-22 09:58:21,320 [Worker-35: Building workspace] INFO  o.e.m.c.i.embedder.EclipseLogger - skip non existing resourceDirectory /Users/saikumar/Desktop/ADVJAVA-9AM/AdvancedJava_9AM/codesnippets/HiberanateDemo/src/test/resources
2023-06-22 10:01:22,139 [Worker-34: Building workspace] INFO  o.e.m.c.i.embedder.EclipseLogger - Using 'UTF-8' encoding to copy filtered resources.
2023-06-22 10:01:22,141 [Worker-34: Building workspace] INFO  o.e.m.c.i.embedder.EclipseLogger - skip non existing resourceDirectory /Users/saikumar/Desktop/ADVJAVA-9AM/AdvancedJava_9AM/codesnippets/HiberanateDemo/src/main/resources
2023-06-22 10:01:22,144 [Worker-34: Building workspace] INFO  o.e.m.c.i.embedder.EclipseLogger - Using 'UTF-8' encoding to copy filtered resources.
2023-06-22 10:01:22,145 [Worker-34: Building workspace] INFO  o.e.m.c.i.embedder.EclipseLogger - skip non existing resourceDirectory /Users/saikumar/Desktop/ADVJAVA-9AM/AdvancedJava_9AM/codesnippets/HiberanateDemo/src/test/resources
2023-06-22 10:01:36,741 [Worker-37: Building workspace] INFO  o.e.m.c.i.embedder.EclipseLogger - Using 'UTF-8' encoding to copy filtered resources.
2023-06-22 10:01:36,741 [Worker-37: Building workspace] INFO  o.e.m.c.i.embedder.EclipseLogger - skip non existing resourceDirectory /Users/saikumar/Desktop/ADVJAVA-9AM/AdvancedJava_9AM/codesnippets/HiberanateDemo/src/main/resources
2023-06-22 10:01:36,759 [Worker-37: Building workspace] INFO  o.e.m.c.i.embedder.EclipseLogger - Using 'UTF-8' encoding to copy filtered resources.
2023-06-22 10:01:36,759 [Worker-37: Building workspace] INFO  o.e.m.c.i.embedder.EclipseLogger - skip non existing resourceDirectory /Users/saikumar/Desktop/ADVJAVA-9AM/AdvancedJava_9AM/codesnippets/HiberanateDemo/src/test/resources
